2023-03-01 09:04:39.274  INFO 15655 --- [main] j.co.axa.apidemo.EmployeeControllerTest  : Starting EmployeeControllerTest on huchendeMacBook-Pro.local with PID 15655 (started by huchen in /Users/huchen/Documents/git/java-challenge/alj-java-challenge-master)
2023-03-01 09:04:39.283  INFO 15655 --- [main] j.co.axa.apidemo.EmployeeControllerTest  : No active profile set, falling back to default profiles: default
2023-03-01 09:04:40.268  INFO 15655 --- [main] .s.d.r.c.RepositoryConfigurationDelegate : Bootstrapping Spring Data JPA repositories in DEFERRED mode.
2023-03-01 09:04:40.340  INFO 15655 --- [main] .s.d.r.c.RepositoryConfigurationDelegate : Finished Spring Data repository scanning in 61ms. Found 1 JPA repository interfaces.
2023-03-01 09:04:41.093  INFO 15655 --- [main] o.s.s.concurrent.ThreadPoolTaskExecutor  : Initializing ExecutorService 'applicationTaskExecutor'
2023-03-01 09:04:41.106  INFO 15655 --- [main] com.zaxxer.hikari.HikariDataSource       : HikariPool-1 - Starting...
2023-03-01 09:04:41.326  INFO 15655 --- [main] com.zaxxer.hikari.HikariDataSource       : HikariPool-1 - Start completed.
2023-03-01 09:04:41.402  INFO 15655 --- [task-1] o.hibernate.jpa.internal.util.LogHelper  : HHH000204: Processing PersistenceUnitInfo [name: default]
2023-03-01 09:04:41.456  WARN 15655 --- [main] JpaBaseConfiguration$JpaWebConfiguration : spring.jpa.open-in-view is enabled by default. Therefore, database queries may be performed during view rendering. Explicitly configure spring.jpa.open-in-view to disable this warning
2023-03-01 09:04:41.469  INFO 15655 --- [task-1] org.hibernate.Version                    : HHH000412: Hibernate ORM core version 5.4.15.Final
2023-03-01 09:04:41.665  INFO 15655 --- [task-1] o.hibernate.annotations.common.Version   : HCANN000001: Hibernate Commons Annotations {5.1.0.Final}
2023-03-01 09:04:41.821  INFO 15655 --- [task-1] org.hibernate.dialect.Dialect            : HHH000400: Using dialect: org.hibernate.dialect.H2Dialect
2023-03-01 09:04:42.480 DEBUG 15655 --- [task-1] org.hibernate.SQL                        : drop table if exists employee CASCADE 
2023-03-01 09:04:42.487 DEBUG 15655 --- [task-1] org.hibernate.SQL                        : create table employee (id bigint generated by default as identity, department varchar(255), employee_name varchar(255), employee_salary integer, primary key (id))
2023-03-01 09:04:42.516  INFO 15655 --- [task-1] o.h.e.t.j.p.i.JtaPlatformInitiator       : HHH000490: Using JtaPlatform implementation: [org.hibernate.engine.transaction.jta.platform.internal.NoJtaPlatform]
2023-03-01 09:04:42.524  INFO 15655 --- [task-1] j.LocalContainerEntityManagerFactoryBean : Initialized JPA EntityManagerFactory for persistence unit 'default'
2023-03-01 09:04:42.974  INFO 15655 --- [main] o.s.s.web.DefaultSecurityFilterChain     : Creating filter chain: Ant [pattern='/swagger/**'], []
2023-03-01 09:04:42.975  INFO 15655 --- [main] o.s.s.web.DefaultSecurityFilterChain     : Creating filter chain: Ant [pattern='/swagger-ui.html'], []
2023-03-01 09:04:42.975  INFO 15655 --- [main] o.s.s.web.DefaultSecurityFilterChain     : Creating filter chain: Ant [pattern='/api/**'], []
2023-03-01 09:04:42.975  INFO 15655 --- [main] o.s.s.web.DefaultSecurityFilterChain     : Creating filter chain: Ant [pattern='/swagger-resources/**'], []
2023-03-01 09:04:43.052  INFO 15655 --- [main] o.s.s.web.DefaultSecurityFilterChain     : Creating filter chain: any request, [org.springframework.security.web.context.request.async.WebAsyncManagerIntegrationFilter@dc8b2ff, org.springframework.security.web.context.SecurityContextPersistenceFilter@7ffcb232, org.springframework.security.web.header.HeaderWriterFilter@63c84d31, org.springframework.security.web.csrf.CsrfFilter@59f7c106, org.springframework.security.web.authentication.logout.LogoutFilter@7c9372ed, org.springframework.security.web.savedrequest.RequestCacheAwareFilter@2d38db6f, org.springframework.security.web.servletapi.SecurityContextHolderAwareRequestFilter@627acb38, org.springframework.security.web.authentication.AnonymousAuthenticationFilter@6a2badb1, org.springframework.security.web.session.SessionManagementFilter@359865a2, org.springframework.security.web.access.ExceptionTranslationFilter@75f4d8a8]
2023-03-01 09:04:43.182  INFO 15655 --- [main] pertySourcedRequestMappingHandlerMapping : Mapped URL path [/v2/api-docs] onto method [springfox.documentation.swagger2.web.Swagger2Controller#getDocumentation(String, HttpServletRequest)]
2023-03-01 09:04:43.725  INFO 15655 --- [main] o.s.b.a.h2.H2ConsoleAutoConfiguration    : H2 console available at '/h2-console'. Database available at 'jdbc:h2:mem:4bb3db5c-567c-401f-ac26-c46d0da39270'
2023-03-01 09:04:43.791  INFO 15655 --- [main] d.s.w.p.DocumentationPluginsBootstrapper : Context refreshed
2023-03-01 09:04:43.817  INFO 15655 --- [main] d.s.w.p.DocumentationPluginsBootstrapper : Found 1 custom documentation plugin(s)
2023-03-01 09:04:43.855  INFO 15655 --- [main] s.d.s.w.s.ApiListingReferenceScanner     : Scanning for api listing references
2023-03-01 09:04:44.043  INFO 15655 --- [main] DeferredRepositoryInitializationListener : Triggering deferred initialization of Spring Data repositories…
2023-03-01 09:04:44.095  INFO 15655 --- [main] DeferredRepositoryInitializationListener : Spring Data repositories initialized!
2023-03-01 09:04:44.105  INFO 15655 --- [main] j.co.axa.apidemo.EmployeeControllerTest  : Started EmployeeControllerTest in 5.41 seconds (JVM running for 6.756)
2023-03-01 09:04:52.203  INFO 15655 --- [SpringContextShutdownHook] j.LocalContainerEntityManagerFactoryBean : Closing JPA EntityManagerFactory for persistence unit 'default'
2023-03-01 09:04:52.204  INFO 15655 --- [SpringContextShutdownHook] .SchemaDropperImpl$DelayedDropActionImpl : HHH000477: Starting delayed evictData of schema as part of SessionFactory shut-down'
2023-03-01 09:04:52.204 DEBUG 15655 --- [SpringContextShutdownHook] org.hibernate.SQL                        : drop table if exists employee CASCADE 
2023-03-01 09:04:52.210  INFO 15655 --- [SpringContextShutdownHook] o.s.s.concurrent.ThreadPoolTaskExecutor  : Shutting down ExecutorService 'applicationTaskExecutor'
2023-03-01 09:04:52.211  INFO 15655 --- [SpringContextShutdownHook] com.zaxxer.hikari.HikariDataSource       : HikariPool-1 - Shutdown initiated...
2023-03-01 09:04:52.217  INFO 15655 --- [SpringContextShutdownHook] com.zaxxer.hikari.HikariDataSource       : HikariPool-1 - Shutdown completed.
2023-03-01 09:05:44.026  INFO 15711 --- [main] j.co.axa.apidemo.EmployeeControllerTest  : Starting EmployeeControllerTest on huchendeMacBook-Pro.local with PID 15711 (started by huchen in /Users/huchen/Documents/git/java-challenge/alj-java-challenge-master)
2023-03-01 09:05:44.027  INFO 15711 --- [main] j.co.axa.apidemo.EmployeeControllerTest  : No active profile set, falling back to default profiles: default
2023-03-01 09:05:44.806  INFO 15711 --- [main] .s.d.r.c.RepositoryConfigurationDelegate : Bootstrapping Spring Data JPA repositories in DEFERRED mode.
2023-03-01 09:05:44.867  INFO 15711 --- [main] .s.d.r.c.RepositoryConfigurationDelegate : Finished Spring Data repository scanning in 53ms. Found 1 JPA repository interfaces.
2023-03-01 09:05:45.471  INFO 15711 --- [main] o.s.s.concurrent.ThreadPoolTaskExecutor  : Initializing ExecutorService 'applicationTaskExecutor'
2023-03-01 09:05:45.485  INFO 15711 --- [main] com.zaxxer.hikari.HikariDataSource       : HikariPool-1 - Starting...
2023-03-01 09:05:45.674  INFO 15711 --- [main] com.zaxxer.hikari.HikariDataSource       : HikariPool-1 - Start completed.
2023-03-01 09:05:45.745  INFO 15711 --- [task-1] o.hibernate.jpa.internal.util.LogHelper  : HHH000204: Processing PersistenceUnitInfo [name: default]
2023-03-01 09:05:45.793  WARN 15711 --- [main] JpaBaseConfiguration$JpaWebConfiguration : spring.jpa.open-in-view is enabled by default. Therefore, database queries may be performed during view rendering. Explicitly configure spring.jpa.open-in-view to disable this warning
2023-03-01 09:05:45.807  INFO 15711 --- [task-1] org.hibernate.Version                    : HHH000412: Hibernate ORM core version 5.4.15.Final
2023-03-01 09:05:45.958  INFO 15711 --- [task-1] o.hibernate.annotations.common.Version   : HCANN000001: Hibernate Commons Annotations {5.1.0.Final}
2023-03-01 09:05:46.105  INFO 15711 --- [task-1] org.hibernate.dialect.Dialect            : HHH000400: Using dialect: org.hibernate.dialect.H2Dialect
2023-03-01 09:05:46.664 DEBUG 15711 --- [task-1] org.hibernate.SQL                        : drop table if exists employee CASCADE 
2023-03-01 09:05:46.668 DEBUG 15711 --- [task-1] org.hibernate.SQL                        : create table employee (id bigint generated by default as identity, department varchar(255), employee_name varchar(255), employee_salary integer, primary key (id))
2023-03-01 09:05:46.679  INFO 15711 --- [task-1] o.h.e.t.j.p.i.JtaPlatformInitiator       : HHH000490: Using JtaPlatform implementation: [org.hibernate.engine.transaction.jta.platform.internal.NoJtaPlatform]
2023-03-01 09:05:46.686  INFO 15711 --- [task-1] j.LocalContainerEntityManagerFactoryBean : Initialized JPA EntityManagerFactory for persistence unit 'default'
2023-03-01 09:05:47.094  INFO 15711 --- [main] o.s.s.web.DefaultSecurityFilterChain     : Creating filter chain: Ant [pattern='/swagger/**'], []
2023-03-01 09:05:47.094  INFO 15711 --- [main] o.s.s.web.DefaultSecurityFilterChain     : Creating filter chain: Ant [pattern='/swagger-ui.html'], []
2023-03-01 09:05:47.094  INFO 15711 --- [main] o.s.s.web.DefaultSecurityFilterChain     : Creating filter chain: Ant [pattern='/api/**'], []
2023-03-01 09:05:47.095  INFO 15711 --- [main] o.s.s.web.DefaultSecurityFilterChain     : Creating filter chain: Ant [pattern='/swagger-resources/**'], []
2023-03-01 09:05:47.153  INFO 15711 --- [main] o.s.s.web.DefaultSecurityFilterChain     : Creating filter chain: any request, [org.springframework.security.web.context.request.async.WebAsyncManagerIntegrationFilter@7ee64b53, org.springframework.security.web.context.SecurityContextPersistenceFilter@abc7005, org.springframework.security.web.header.HeaderWriterFilter@248d3a, org.springframework.security.web.csrf.CsrfFilter@78d6c244, org.springframework.security.web.authentication.logout.LogoutFilter@35ab4260, org.springframework.security.web.savedrequest.RequestCacheAwareFilter@102af1bb, org.springframework.security.web.servletapi.SecurityContextHolderAwareRequestFilter@4a520f05, org.springframework.security.web.authentication.AnonymousAuthenticationFilter@1131aead, org.springframework.security.web.session.SessionManagementFilter@6e794f53, org.springframework.security.web.access.ExceptionTranslationFilter@fd87c22]
2023-03-01 09:05:47.207  INFO 15711 --- [main] pertySourcedRequestMappingHandlerMapping : Mapped URL path [/v2/api-docs] onto method [springfox.documentation.swagger2.web.Swagger2Controller#getDocumentation(String, HttpServletRequest)]
2023-03-01 09:05:47.653  INFO 15711 --- [main] o.s.b.a.h2.H2ConsoleAutoConfiguration    : H2 console available at '/h2-console'. Database available at 'jdbc:h2:mem:dc77d5ee-bbb1-490c-91a2-bd344ff71954'
2023-03-01 09:05:47.716  INFO 15711 --- [main] d.s.w.p.DocumentationPluginsBootstrapper : Context refreshed
2023-03-01 09:05:47.735  INFO 15711 --- [main] d.s.w.p.DocumentationPluginsBootstrapper : Found 1 custom documentation plugin(s)
2023-03-01 09:05:47.770  INFO 15711 --- [main] s.d.s.w.s.ApiListingReferenceScanner     : Scanning for api listing references
2023-03-01 09:05:47.946  INFO 15711 --- [main] DeferredRepositoryInitializationListener : Triggering deferred initialization of Spring Data repositories…
2023-03-01 09:05:48.002  INFO 15711 --- [main] DeferredRepositoryInitializationListener : Spring Data repositories initialized!
2023-03-01 09:05:48.012  INFO 15711 --- [main] j.co.axa.apidemo.EmployeeControllerTest  : Started EmployeeControllerTest in 4.315 seconds (JVM running for 5.249)
2023-03-01 09:05:48.182  INFO 15711 --- [SpringContextShutdownHook] j.LocalContainerEntityManagerFactoryBean : Closing JPA EntityManagerFactory for persistence unit 'default'
2023-03-01 09:05:48.183  INFO 15711 --- [SpringContextShutdownHook] .SchemaDropperImpl$DelayedDropActionImpl : HHH000477: Starting delayed evictData of schema as part of SessionFactory shut-down'
2023-03-01 09:05:48.183 DEBUG 15711 --- [SpringContextShutdownHook] org.hibernate.SQL                        : drop table if exists employee CASCADE 
2023-03-01 09:05:48.189  INFO 15711 --- [SpringContextShutdownHook] o.s.s.concurrent.ThreadPoolTaskExecutor  : Shutting down ExecutorService 'applicationTaskExecutor'
2023-03-01 09:05:48.189  INFO 15711 --- [SpringContextShutdownHook] com.zaxxer.hikari.HikariDataSource       : HikariPool-1 - Shutdown initiated...
2023-03-01 09:05:48.193  INFO 15711 --- [SpringContextShutdownHook] com.zaxxer.hikari.HikariDataSource       : HikariPool-1 - Shutdown completed.
2023-03-01 18:14:42.405  INFO 17074 --- [main] j.co.axa.apidemo.EmployeeControllerTest  : Starting EmployeeControllerTest on huchendeMacBook-Pro.local with PID 17074 (started by huchen in /Users/huchen/Documents/git/java-challenge/alj-java-challenge-master)
2023-03-01 18:14:42.407  INFO 17074 --- [main] j.co.axa.apidemo.EmployeeControllerTest  : No active profile set, falling back to default profiles: default
2023-03-01 18:14:43.229  INFO 17074 --- [main] .s.d.r.c.RepositoryConfigurationDelegate : Bootstrapping Spring Data JPA repositories in DEFERRED mode.
2023-03-01 18:14:43.295  INFO 17074 --- [main] .s.d.r.c.RepositoryConfigurationDelegate : Finished Spring Data repository scanning in 57ms. Found 1 JPA repository interfaces.
2023-03-01 18:14:43.904  INFO 17074 --- [main] o.s.s.concurrent.ThreadPoolTaskExecutor  : Initializing ExecutorService 'applicationTaskExecutor'
2023-03-01 18:14:43.915  INFO 17074 --- [main] com.zaxxer.hikari.HikariDataSource       : HikariPool-1 - Starting...
2023-03-01 18:14:44.107  INFO 17074 --- [main] com.zaxxer.hikari.HikariDataSource       : HikariPool-1 - Start completed.
2023-03-01 18:14:44.184  INFO 17074 --- [task-1] o.hibernate.jpa.internal.util.LogHelper  : HHH000204: Processing PersistenceUnitInfo [name: default]
2023-03-01 18:14:44.241  WARN 17074 --- [main] JpaBaseConfiguration$JpaWebConfiguration : spring.jpa.open-in-view is enabled by default. Therefore, database queries may be performed during view rendering. Explicitly configure spring.jpa.open-in-view to disable this warning
2023-03-01 18:14:44.247  INFO 17074 --- [task-1] org.hibernate.Version                    : HHH000412: Hibernate ORM core version 5.4.15.Final
2023-03-01 18:14:44.402  INFO 17074 --- [task-1] o.hibernate.annotations.common.Version   : HCANN000001: Hibernate Commons Annotations {5.1.0.Final}
2023-03-01 18:14:44.540  INFO 17074 --- [task-1] org.hibernate.dialect.Dialect            : HHH000400: Using dialect: org.hibernate.dialect.H2Dialect
2023-03-01 18:14:45.080 DEBUG 17074 --- [task-1] org.hibernate.SQL                        : drop table if exists employee CASCADE 
2023-03-01 18:14:45.083 DEBUG 17074 --- [task-1] org.hibernate.SQL                        : create table employee (id bigint generated by default as identity, department varchar(255), employee_name varchar(255), employee_salary integer, primary key (id))
2023-03-01 18:14:45.094  INFO 17074 --- [task-1] o.h.e.t.j.p.i.JtaPlatformInitiator       : HHH000490: Using JtaPlatform implementation: [org.hibernate.engine.transaction.jta.platform.internal.NoJtaPlatform]
2023-03-01 18:14:45.100  INFO 17074 --- [task-1] j.LocalContainerEntityManagerFactoryBean : Initialized JPA EntityManagerFactory for persistence unit 'default'
2023-03-01 18:14:45.472  INFO 17074 --- [main] o.s.s.web.DefaultSecurityFilterChain     : Creating filter chain: Ant [pattern='/swagger/**'], []
2023-03-01 18:14:45.472  INFO 17074 --- [main] o.s.s.web.DefaultSecurityFilterChain     : Creating filter chain: Ant [pattern='/swagger-ui.html'], []
2023-03-01 18:14:45.472  INFO 17074 --- [main] o.s.s.web.DefaultSecurityFilterChain     : Creating filter chain: Ant [pattern='/api/**'], []
2023-03-01 18:14:45.472  INFO 17074 --- [main] o.s.s.web.DefaultSecurityFilterChain     : Creating filter chain: Ant [pattern='/swagger-resources/**'], []
2023-03-01 18:14:45.531  INFO 17074 --- [main] o.s.s.web.DefaultSecurityFilterChain     : Creating filter chain: any request, [org.springframework.security.web.context.request.async.WebAsyncManagerIntegrationFilter@1131aead, org.springframework.security.web.context.SecurityContextPersistenceFilter@595ec862, org.springframework.security.web.header.HeaderWriterFilter@3c71cf3e, org.springframework.security.web.csrf.CsrfFilter@448086ab, org.springframework.security.web.authentication.logout.LogoutFilter@76134b9b, org.springframework.security.web.savedrequest.RequestCacheAwareFilter@797f97e3, org.springframework.security.web.servletapi.SecurityContextHolderAwareRequestFilter@389a1e34, org.springframework.security.web.authentication.AnonymousAuthenticationFilter@7d126083, org.springframework.security.web.session.SessionManagementFilter@75f4d8a8, org.springframework.security.web.access.ExceptionTranslationFilter@fee881]
2023-03-01 18:14:45.586  INFO 17074 --- [main] pertySourcedRequestMappingHandlerMapping : Mapped URL path [/v2/api-docs] onto method [springfox.documentation.swagger2.web.Swagger2Controller#getDocumentation(String, HttpServletRequest)]
2023-03-01 18:14:46.026  INFO 17074 --- [main] o.s.b.a.h2.H2ConsoleAutoConfiguration    : H2 console available at '/h2-console'. Database available at 'jdbc:h2:mem:fe140167-7776-4aa8-ae9b-fe52920fb872'
2023-03-01 18:14:46.086  INFO 17074 --- [main] d.s.w.p.DocumentationPluginsBootstrapper : Context refreshed
2023-03-01 18:14:46.105  INFO 17074 --- [main] d.s.w.p.DocumentationPluginsBootstrapper : Found 1 custom documentation plugin(s)
2023-03-01 18:14:46.142  INFO 17074 --- [main] s.d.s.w.s.ApiListingReferenceScanner     : Scanning for api listing references
2023-03-01 18:14:46.319  INFO 17074 --- [main] DeferredRepositoryInitializationListener : Triggering deferred initialization of Spring Data repositories…
2023-03-01 18:14:46.372  INFO 17074 --- [main] DeferredRepositoryInitializationListener : Spring Data repositories initialized!
2023-03-01 18:14:46.384  INFO 17074 --- [main] j.co.axa.apidemo.EmployeeControllerTest  : Started EmployeeControllerTest in 4.307 seconds (JVM running for 5.19)
2023-03-01 18:14:46.592  INFO 17074 --- [SpringContextShutdownHook] j.LocalContainerEntityManagerFactoryBean : Closing JPA EntityManagerFactory for persistence unit 'default'
2023-03-01 18:14:46.593  INFO 17074 --- [SpringContextShutdownHook] .SchemaDropperImpl$DelayedDropActionImpl : HHH000477: Starting delayed evictData of schema as part of SessionFactory shut-down'
2023-03-01 18:14:46.593 DEBUG 17074 --- [SpringContextShutdownHook] org.hibernate.SQL                        : drop table if exists employee CASCADE 
2023-03-01 18:14:46.601  INFO 17074 --- [SpringContextShutdownHook] o.s.s.concurrent.ThreadPoolTaskExecutor  : Shutting down ExecutorService 'applicationTaskExecutor'
2023-03-01 18:14:46.602  INFO 17074 --- [SpringContextShutdownHook] com.zaxxer.hikari.HikariDataSource       : HikariPool-1 - Shutdown initiated...
2023-03-01 18:14:46.607  INFO 17074 --- [SpringContextShutdownHook] com.zaxxer.hikari.HikariDataSource       : HikariPool-1 - Shutdown completed.
